<?xml version='1.0' encoding='UTF-8'?>
<testsuite hostname="Mac" name="controllers.HomeControllerSpec" tests="1" errors="1" failures="0" skipped="0" time="0.0" timestamp="2025-04-11T09:11:42">
          <properties>
      <property name="awt.toolkit" value="sun.lwawt.macosx.LWCToolkit"/><property name="java.specification.version" value="11"/><property name="sun.cpu.isalist" value=""/><property name="sun.jnu.encoding" value="UTF-8"/><property name="sun.arch.data.model" value="64"/><property name="java.vendor.url" value="https://adoptium.net/"/><property name="sun.boot.library.path" value="/Users/dorothea.toeller/.sdkman/candidates/java/11.0.19-tem/lib"/><property name="sun.java.command" value="/Users/dorothea.toeller/.sdkman/candidates/sbt/1.10.10/bin/sbt-launch.jar test"/><property name="jdk.debug" value="release"/><property name="java.specification.vendor" value="Oracle Corporation"/><property name="java.version.date" value="2023-04-18"/><property name="java.home" value="/Users/dorothea.toeller/.sdkman/candidates/java/11.0.19-tem"/><property name="file.separator" value="/"/><property name="java.vm.compressedOopsMode" value="Zero based"/><property name="line.separator" value="
"/><property name="java.specification.name" value="Java Platform API Specification"/><property name="java.vm.specification.vendor" value="Oracle Corporation"/><property name="sun.management.compiler" value="HotSpot 64-Bit Tiered Compilers"/><property name="java.runtime.version" value="11.0.19+7"/><property name="user.name" value="dorothea.toeller"/><property name="log4j.ignoreTCL" value="true"/><property name="file.encoding" value="UTF-8"/><property name="java.vendor.version" value="Temurin-11.0.19+7"/><property name="java.io.tmpdir" value="/var/folders/2y/m0qnjn6n0yxbqhbyq4wwz_h80000gp/T/"/><property name="java.version" value="11.0.19"/><property name="java.vm.specification.name" value="Java Virtual Machine Specification"/><property name="java.awt.printerjob" value="sun.lwawt.macosx.CPrinterJob"/><property name="sun.os.patch.level" value="unknown"/><property name="java.library.path" value="/Users/dorothea.toeller/Library/Java/Extensions:/Library/Java/Extensions:/Network/Library/Java/Extensions:/System/Library/Java/Extensions:/usr/lib/java:."/><property name="java.vendor" value="Eclipse Adoptium"/><property name="scala.ext.dirs" value="/Users/dorothea.toeller/.sbt/1.0/java9-rt-ext-eclipse_adoptium_11_0_19"/><property name="sun.io.unicode.encoding" value="UnicodeBig"/><property name="socksNonProxyHosts" value="local|*.local|169.254/16|*.169.254/16"/><property name="gopherProxySet" value="false"/><property name="java.class.path" value="/Users/dorothea.toeller/.sdkman/candidates/sbt/1.10.10/bin/sbt-launch.jar"/><property name="java.vm.vendor" value="Eclipse Adoptium"/><property name="jline.shutdownhook" value="false"/><property name="user.timezone" value="Europe/London"/><property name="os.name" value="Mac OS X"/><property name="java.vm.specification.version" value="11"/><property name="sun.java.launcher" value="SUN_STANDARD"/><property name="user.country" value="GB"/><property name="http.nonProxyHosts" value="local|*.local|169.254/16|*.169.254/16"/><property name="sun.cpu.endian" value="little"/><property name="user.home" value="/Users/dorothea.toeller"/><property name="user.language" value="en"/><property name="sbt.script" value="/Users/dorothea.toeller/.sdkman/candidates/sbt/current/bin/sbt"/><property name="sbt.ipcsocket.tmpdir" value="/var/folders/2y/m0qnjn6n0yxbqhbyq4wwz_h80000gp/T/.sbt95fe06ef/ipcsocket"/><property name="swoval.tmpdir" value="/var/folders/2y/m0qnjn6n0yxbqhbyq4wwz_h80000gp/T/.sbt95fe06ef/swoval"/><property name="java.awt.graphicsenv" value="sun.awt.CGraphicsEnvironment"/><property name="jline.esc.timeout" value="0"/><property name="ftp.nonProxyHosts" value="local|*.local|169.254/16|*.169.254/16"/><property name="path.separator" value=":"/><property name="os.version" value="15.3.2"/><property name="jna.nosys" value="true"/><property name="java.runtime.name" value="OpenJDK Runtime Environment"/><property name="java.vm.name" value="OpenJDK 64-Bit Server VM"/><property name="java.vendor.url.bug" value="https://github.com/adoptium/adoptium-support/issues"/><property name="user.dir" value="/Users/dorothea.toeller/Documents/ExtendedProject2Template"/><property name="os.arch" value="aarch64"/><property name="java.vm.info" value="mixed mode"/><property name="java.vm.version" value="11.0.19+7"/><property name="java.class.version" value="55.0"/>
    </properties>
          <testcase classname="controllers.HomeControllerSpec" name="(It is not a test it is a sbt.testing.SuiteSelector)" time="0.0">
                      <error message="sbt.ForkMain$ForkError: java.lang.NoSuchMethodError: 'void ch.qos.logback.classic.util.ContextInitializer.configureByResource(java.net.URL)'" type="sbt.ForkMain$ForkError">sbt.ForkMain$ForkError: sbt.ForkMain$ForkError: java.lang.NoSuchMethodError: 'void ch.qos.logback.classic.util.ContextInitializer.configureByResource(java.net.URL)'
	at play.api.libs.logback.LogbackLoggerConfigurator.configure(LogbackLoggerConfigurator.scala:125)
	at play.api.libs.logback.LogbackLoggerConfigurator.configure(LogbackLoggerConfigurator.scala:73)
	at play.api.inject.guice.GuiceApplicationBuilder.$anonfun$configureLoggerFactory$1(GuiceApplicationBuilder.scala:137)
	at scala.Option.map(Option.scala:242)
	at play.api.inject.guice.GuiceApplicationBuilder.configureLoggerFactory(GuiceApplicationBuilder.scala:136)
	at play.api.inject.guice.GuiceApplicationBuilder.applicationModule(GuiceApplicationBuilder.scala:112)
	at play.api.inject.guice.GuiceBuilder.injector(GuiceInjectorBuilder.scala:201)
	at play.api.inject.guice.GuiceApplicationBuilder.build(GuiceApplicationBuilder.scala:155)
	at org.scalatestplus.play.guice.GuiceFakeApplicationFactory.fakeApplication(GuiceFakeApplicationFactory.scala:32)
	at org.scalatestplus.play.guice.GuiceFakeApplicationFactory.fakeApplication$(GuiceFakeApplicationFactory.scala:32)
	at controllers.HomeControllerSpec.fakeApplication(HomeControllerSpec.scala:11)
	at org.scalatestplus.play.BaseOneAppPerSuite.app(BaseOneAppPerSuite.scala:34)
	at org.scalatestplus.play.BaseOneAppPerSuite.app$(BaseOneAppPerSuite.scala:34)
	at controllers.HomeControllerSpec.app$lzycompute(HomeControllerSpec.scala:11)
	at controllers.HomeControllerSpec.app(HomeControllerSpec.scala:11)
	at org.scalatestplus.play.BaseOneAppPerSuite.run(BaseOneAppPerSuite.scala:47)
	at org.scalatestplus.play.BaseOneAppPerSuite.run$(BaseOneAppPerSuite.scala:46)
	at controllers.HomeControllerSpec.run(HomeControllerSpec.scala:11)
	at org.scalatest.tools.Framework.org$scalatest$tools$Framework$$runSuite(Framework.scala:321)
	at org.scalatest.tools.Framework$ScalaTestTask.execute(Framework.scala:517)
	at sbt.ForkMain$Run.lambda$runTest$1(ForkMain.java:413)
	at java.base/java.util.concurrent.FutureTask.run(FutureTask.java:264)
	at java.base/java.util.concurrent.ThreadPoolExecutor.runWorker(ThreadPoolExecutor.java:1128)
	at java.base/java.util.concurrent.ThreadPoolExecutor$Worker.run(ThreadPoolExecutor.java:628)
	at java.base/java.lang.Thread.run(Thread.java:829)
</error>
                    </testcase>
          <system-out><![CDATA[]]></system-out>
          <system-err><![CDATA[]]></system-err>
        </testsuite>