<?xml version='1.0' encoding='UTF-8'?>
<testsuite hostname="Mac.Home" name="controllers.HomeControllerSpec" tests="2" errors="0" failures="0" skipped="0" time="0.091" timestamp="2025-04-14T15:54:09">
          <properties>
      <property name="awt.toolkit" value="sun.lwawt.macosx.LWCToolkit"/><property name="java.specification.version" value="11"/><property name="sun.cpu.isalist" value=""/><property name="sun.jnu.encoding" value="UTF-8"/><property name="sun.arch.data.model" value="64"/><property name="sbt.supershell" value="false"/><property name="java.vendor.url" value="https://adoptium.net/"/><property name="sun.boot.library.path" value="/Users/eloise.holland/Library/Java/JavaVirtualMachines/temurin-11.0.26/Contents/Home/lib"/><property name="sun.java.command" value="/Users/eloise.holland/Library/Application Support/JetBrains/IdeaIC2024.3/plugins/Scala/launcher/sbt-launch.jar early(addPluginSbtFile=&quot;&quot;&quot;/private/var/folders/zj/ntdvxq395ngg6mc8cq5y60880000gp/T/idea.sbt&quot;&quot;&quot;) idea-shell"/><property name="jdk.debug" value="release"/><property name="java.specification.vendor" value="Oracle Corporation"/><property name="java.version.date" value="2025-01-21"/><property name="java.home" value="/Users/eloise.holland/Library/Java/JavaVirtualMachines/temurin-11.0.26/Contents/Home"/><property name="file.separator" value="/"/><property name="java.vm.compressedOopsMode" value="Zero based"/><property name="line.separator" value="
"/><property name="java.specification.name" value="Java Platform API Specification"/><property name="java.vm.specification.vendor" value="Oracle Corporation"/><property name="idea.installation.dir" value="/Applications/IntelliJ IDEA CE.app/Contents"/><property name="sun.management.compiler" value="HotSpot 64-Bit Tiered Compilers"/><property name="java.runtime.version" value="11.0.26+4"/><property name="user.name" value="eloise.holland"/><property name="log4j.ignoreTCL" value="true"/><property name="file.encoding" value="UTF-8"/><property name="java.vendor.version" value="Temurin-11.0.26+4"/><property name="java.io.tmpdir" value="/var/folders/zj/ntdvxq395ngg6mc8cq5y60880000gp/T/"/><property name="java.version" value="11.0.26"/><property name="java.vm.specification.name" value="Java Virtual Machine Specification"/><property name="java.awt.printerjob" value="sun.lwawt.macosx.CPrinterJob"/><property name="sun.os.patch.level" value="unknown"/><property name="java.library.path" value="/Users/eloise.holland/Library/Java/Extensions:/Library/Java/Extensions:/Network/Library/Java/Extensions:/System/Library/Java/Extensions:/usr/lib/java:."/><property name="java.vendor" value="Eclipse Adoptium"/><property name="java.specification.maintenance.version" value="3"/><property name="sun.io.unicode.encoding" value="UnicodeBig"/><property name="socksNonProxyHosts" value="local|*.local|169.254/16|*.169.254/16"/><property name="gopherProxySet" value="false"/><property name="java.class.path" value="/Users/eloise.holland/Library/Application Support/JetBrains/IdeaIC2024.3/plugins/Scala/launcher/sbt-launch.jar"/><property name="java.vm.vendor" value="Eclipse Adoptium"/><property name="separate.prod.test.sources.enabled" value="false"/><property name="jline.shutdownhook" value="false"/><property name="user.timezone" value="Europe/London"/><property name="os.name" value="Mac OS X"/><property name="java.vm.specification.version" value="11"/><property name="sun.java.launcher" value="SUN_STANDARD"/><property name="user.country" value="GB"/><property name="http.nonProxyHosts" value="local|*.local|169.254/16|*.169.254/16"/><property name="sun.cpu.endian" value="little"/><property name="user.home" value="/Users/eloise.holland"/><property name="user.language" value="en"/><property name="sbt.ipcsocket.tmpdir" value="/var/folders/zj/ntdvxq395ngg6mc8cq5y60880000gp/T/.sbt9ba24eec/ipcsocket"/><property name="swoval.tmpdir" value="/var/folders/zj/ntdvxq395ngg6mc8cq5y60880000gp/T/.sbt9ba24eec/swoval"/><property name="java.awt.graphicsenv" value="sun.awt.CGraphicsEnvironment"/><property name="jline.esc.timeout" value="0"/><property name="ftp.nonProxyHosts" value="local|*.local|169.254/16|*.169.254/16"/><property name="path.separator" value=":"/><property name="os.version" value="15.3.2"/><property name="jna.nosys" value="true"/><property name="java.runtime.name" value="OpenJDK Runtime Environment"/><property name="java.vm.name" value="OpenJDK 64-Bit Server VM"/><property name="java.vendor.url.bug" value="https://github.com/adoptium/adoptium-support/issues"/><property name="user.dir" value="/Users/eloise.holland/Documents/ExtendedProject2Template"/><property name="os.arch" value="aarch64"/><property name="grouping.with.qualified.names.enabled" value="true"/><property name="idea.managed" value="true"/><property name="jdk.console" value="java.base"/><property name="java.vm.info" value="mixed mode"/><property name="java.vm.version" value="11.0.26+4"/><property name="java.class.version" value="55.0"/>
    </properties>
          <testcase classname="controllers.HomeControllerSpec" name="HomeController GET should render the index page from a new instance of controller" time="0.072">
                      
                    </testcase><testcase classname="controllers.HomeControllerSpec" name="HomeController GET should render the index page from the application" time="0.019">
                      
                    </testcase>
          <system-out><![CDATA[]]></system-out>
          <system-err><![CDATA[]]></system-err>
        </testsuite>